<?xml version="1.0" encoding="UTF-8"?>
<coverage generated="1553029159822" clover="3.2.0">
  <project timestamp="1553029159822" name="All files">
    <metrics statements="29" coveredstatements="29" conditionals="0" coveredconditionals="0" methods="6" coveredmethods="6" elements="35" coveredelements="35" complexity="0" loc="29" ncloc="29" packages="3" files="3" classes="3">
      <package name="controller">
        <metrics statements="7" coveredstatements="7" conditionals="0" coveredconditionals="0" methods="2" coveredmethods="2"/>
        <file name="selecaodt.controller.ts" path="C:\Users\Helen França\Documents\api-push-selecaodt\api-push-selecaodt\src\identidade\pessoa\controller\selecaodt.controller.ts">
          <metrics statements="7" coveredstatements="7" conditionals="0" coveredconditionals="0" methods="2" coveredmethods="2"/>
          <line num="1" count="1" type="stmt"/>
          <line num="2" count="1" type="stmt"/>
          <line num="3" count="1" type="stmt"/>
          <line num="8" count="1" type="stmt"/>
          <line num="9" count="2" type="stmt"/>
          <line num="18" count="1" type="stmt"/>
          <line num="19" count="1" type="stmt"/>
        </file>
      </package>
      <package name="dto">
        <metrics statements="6" coveredstatements="6" conditionals="0" coveredconditionals="0" methods="1" coveredmethods="1"/>
        <file name="pessoa.dto.ts" path="C:\Users\Helen França\Documents\api-push-selecaodt\api-push-selecaodt\src\identidade\pessoa\dto\pessoa.dto.ts">
          <metrics statements="6" coveredstatements="6" conditionals="0" coveredconditionals="0" methods="1" coveredmethods="1"/>
          <line num="1" count="2" type="stmt"/>
          <line num="3" count="2" type="stmt"/>
          <line num="5" count="2" type="stmt"/>
          <line num="8" count="2" type="stmt"/>
          <line num="11" count="2" type="stmt"/>
          <line num="12" count="2" type="stmt"/>
        </file>
      </package>
      <package name="service">
        <metrics statements="16" coveredstatements="16" conditionals="0" coveredconditionals="0" methods="3" coveredmethods="3"/>
        <file name="selecaodt.service.ts" path="C:\Users\Helen França\Documents\api-push-selecaodt\api-push-selecaodt\src\identidade\pessoa\service\selecaodt.service.ts">
          <metrics statements="16" coveredstatements="16" conditionals="0" coveredconditionals="0" methods="3" coveredmethods="3"/>
          <line num="1" count="2" type="stmt"/>
          <line num="2" count="2" type="stmt"/>
          <line num="3" count="2" type="stmt"/>
          <line num="6" count="2" type="stmt"/>
          <line num="7" count="5" type="stmt"/>
          <line num="10" count="2" type="stmt"/>
          <line num="11" count="2" type="stmt"/>
          <line num="12" count="2" type="stmt"/>
          <line num="13" count="2" type="stmt"/>
          <line num="14" count="2" type="stmt"/>
          <line num="16" count="2" type="stmt"/>
          <line num="18" count="2" type="stmt"/>
          <line num="22" count="3" type="stmt"/>
          <line num="23" count="3" type="stmt"/>
          <line num="24" count="4" type="stmt"/>
          <line num="26" count="3" type="stmt"/>
        </file>
      </package>
    </metrics>
  </project>
</coverage>
