{"C:\\Users\\Helen França\\Documents\\push-sugestao\\push-sugestao\\src\\identidade\\pessoa\\controller\\selecaodt.controller.ts": {"path":"C:\\Users\\Helen França\\Documents\\push-sugestao\\push-sugestao\\src\\identidade\\pessoa\\controller\\selecaodt.controller.ts","statementMap":{"0":{"start":{"line":1,"column":0},"end":{"line":1,"column":62}},"1":{"start":{"line":2,"column":0},"end":{"line":2,"column":57}},"2":{"start":{"line":3,"column":0},"end":{"line":3,"column":63}},"3":{"start":{"line":8,"column":0},"end":{"line":21,"column":1}},"4":{"start":{"line":9,"column":31},"end":{"line":9,"column":65}},"5":{"start":{"line":19,"column":4},"end":{"line":19,"column":67}},"6":{"start":{"line":18,"column":2},"end":{"line":20,"column":3}},"7":{"start":{"line":8,"column":13},"end":{"line":21,"column":1}},"8":{"start":{"line":8,"column":13},"end":{"line":8,"column":32}}},"fnMap":{"0":{"name":"(anonymous_10)","decl":{"start":{"line":9,"column":2},"end":{"line":9,"column":30}},"loc":{"start":{"line":9,"column":65},"end":{"line":9,"column":69}}},"1":{"name":"(anonymous_11)","decl":{"start":{"line":18,"column":8},"end":{"line":18,"column":30}},"loc":{"start":{"line":18,"column":44},"end":{"line":20,"column":3}}}},"branchMap":{},"s":{"0":1,"1":1,"2":1,"3":1,"4":2,"5":1,"6":1,"7":1,"8":1},"f":{"0":2,"1":1},"b":{}}
,"C:\\Users\\Helen França\\Documents\\push-sugestao\\push-sugestao\\src\\identidade\\pessoa\\dto\\pessoa.dto.ts": {"path":"C:\\Users\\Helen França\\Documents\\push-sugestao\\push-sugestao\\src\\identidade\\pessoa\\dto\\pessoa.dto.ts","statementMap":{"0":{"start":{"line":1,"column":0},"end":{"line":1,"column":50}},"1":{"start":{"line":11,"column":4},"end":{"line":11,"column":23}},"2":{"start":{"line":12,"column":4},"end":{"line":12,"column":29}},"3":{"start":{"line":5,"column":2},"end":{"line":5,"column":16}},"4":{"start":{"line":8,"column":2},"end":{"line":8,"column":21}},"5":{"start":{"line":3,"column":0},"end":{"line":14,"column":1}}},"fnMap":{"0":{"name":"(anonymous_2)","decl":{"start":{"line":10,"column":2},"end":{"line":10,"column":13}},"loc":{"start":{"line":10,"column":47},"end":{"line":13,"column":3}}}},"branchMap":{},"s":{"0":2,"1":2,"2":2,"3":2,"4":2,"5":2},"f":{"0":2},"b":{}}
,"C:\\Users\\Helen França\\Documents\\push-sugestao\\push-sugestao\\src\\identidade\\pessoa\\service\\selecaodt.service.ts": {"path":"C:\\Users\\Helen França\\Documents\\push-sugestao\\push-sugestao\\src\\identidade\\pessoa\\service\\selecaodt.service.ts","statementMap":{"0":{"start":{"line":1,"column":0},"end":{"line":1,"column":43}},"1":{"start":{"line":2,"column":0},"end":{"line":2,"column":63}},"2":{"start":{"line":3,"column":0},"end":{"line":3,"column":45}},"3":{"start":{"line":6,"column":0},"end":{"line":28,"column":1}},"4":{"start":{"line":7,"column":31},"end":{"line":7,"column":66}},"5":{"start":{"line":10,"column":35},"end":{"line":10,"column":57}},"6":{"start":{"line":11,"column":4},"end":{"line":17,"column":5}},"7":{"start":{"line":12,"column":21},"end":{"line":12,"column":74}},"8":{"start":{"line":13,"column":23},"end":{"line":13,"column":50}},"9":{"start":{"line":14,"column":24},"end":{"line":14,"column":59}},"10":{"start":{"line":16,"column":6},"end":{"line":16,"column":32}},"11":{"start":{"line":18,"column":4},"end":{"line":18,"column":21}},"12":{"start":{"line":22,"column":29},"end":{"line":22,"column":48}},"13":{"start":{"line":23,"column":4},"end":{"line":25,"column":5}},"14":{"start":{"line":24,"column":6},"end":{"line":24,"column":41}},"15":{"start":{"line":26,"column":4},"end":{"line":26,"column":20}},"16":{"start":{"line":6,"column":13},"end":{"line":28,"column":1}},"17":{"start":{"line":6,"column":13},"end":{"line":6,"column":29}}},"fnMap":{"0":{"name":"(anonymous_8)","decl":{"start":{"line":7,"column":2},"end":{"line":7,"column":30}},"loc":{"start":{"line":7,"column":66},"end":{"line":7,"column":70}}},"1":{"name":"(anonymous_9)","decl":{"start":{"line":9,"column":8},"end":{"line":9,"column":27}},"loc":{"start":{"line":9,"column":51},"end":{"line":19,"column":3}}},"2":{"name":"(anonymous_11)","decl":{"start":{"line":21,"column":2},"end":{"line":21,"column":15}},"loc":{"start":{"line":21,"column":48},"end":{"line":27,"column":3}}}},"branchMap":{},"s":{"0":2,"1":2,"2":2,"3":2,"4":5,"5":2,"6":2,"7":2,"8":2,"9":2,"10":2,"11":2,"12":3,"13":3,"14":4,"15":3,"16":2,"17":2},"f":{"0":5,"1":2,"2":3},"b":{}}
}
