TN:
SF:C:\Users\Helen França\Documents\push-sugestao\push-sugestao\src\identidade\pessoa\controller\selecaodt.controller.ts
FN:9,(anonymous_10)
FN:18,(anonymous_11)
FNF:2
FNH:2
FNDA:2,(anonymous_10)
FNDA:1,(anonymous_11)
DA:1,1
DA:2,1
DA:3,1
DA:8,1
DA:9,2
DA:18,1
DA:19,1
LF:7
LH:7
BRF:0
BRH:0
end_of_record
TN:
SF:C:\Users\Helen França\Documents\push-sugestao\push-sugestao\src\identidade\pessoa\dto\pessoa.dto.ts
FN:10,(anonymous_2)
FNF:1
FNH:1
FNDA:2,(anonymous_2)
DA:1,2
DA:3,2
DA:5,2
DA:8,2
DA:11,2
DA:12,2
LF:6
LH:6
BRF:0
BRH:0
end_of_record
TN:
SF:C:\Users\Helen França\Documents\push-sugestao\push-sugestao\src\identidade\pessoa\service\selecaodt.service.ts
FN:7,(anonymous_8)
FN:9,(anonymous_9)
FN:21,(anonymous_11)
FNF:3
FNH:3
FNDA:5,(anonymous_8)
FNDA:2,(anonymous_9)
FNDA:3,(anonymous_11)
DA:1,2
DA:2,2
DA:3,2
DA:6,2
DA:7,5
DA:10,2
DA:11,2
DA:12,2
DA:13,2
DA:14,2
DA:16,2
DA:18,2
DA:22,3
DA:23,3
DA:24,4
DA:26,3
LF:16
LH:16
BRF:0
BRH:0
end_of_record
